<?xml version="1.0" encoding="UTF-8"?>
<testng-results ignored="0" total="2" passed="2" failed="0" skipped="0">
  <reporter-output>
  </reporter-output>
  <suite started-at="2020-05-26T10:50:54 IST" name="Default suite" finished-at="2020-05-26T10:50:55 IST" duration-ms="995">
    <groups>
    </groups>
    <test started-at="2020-05-26T10:50:54 IST" name="Default test" finished-at="2020-05-26T10:50:55 IST" duration-ms="995">
      <class name="utils.ExelDataProvider">
        <test-method signature="testing(java.lang.String, java.lang.String)[pri:0, instance:utils.ExelDataProvider@56de5251]" started-at="2020-05-26T10:50:55 IST" name="testing" data-provider="testData" finished-at="2020-05-26T10:50:55 IST" duration-ms="8" status="PASS">
          <params>
            <param index="0">
              <value>
                <![CDATA[admin]]>
              </value>
            </param>
            <param index="1">
              <value>
                <![CDATA[admin123]]>
              </value>
            </param>
          </params>
          <reporter-output>
          </reporter-output>
        </test-method> <!-- testing -->
        <test-method signature="testing(java.lang.String, java.lang.String)[pri:0, instance:utils.ExelDataProvider@56de5251]" started-at="2020-05-26T10:50:55 IST" name="testing" data-provider="testData" finished-at="2020-05-26T10:50:55 IST" duration-ms="4" status="PASS">
          <params>
            <param index="0">
              <value>
                <![CDATA[rahulm1609]]>
              </value>
            </param>
            <param index="1">
              <value>
                <![CDATA[password]]>
              </value>
            </param>
          </params>
          <reporter-output>
          </reporter-output>
        </test-method> <!-- testing -->
      </class> <!-- utils.ExelDataProvider -->
    </test> <!-- Default test -->
  </suite> <!-- Default suite -->
</testng-results>
